<?xml version="1.0" encoding="UTF-8"?>
<!-- Generated by org.testng.reporters.JUnitReportReporter -->
<testsuite hostname="DESKTOP-4V5TV33" failures="0" tests="2" name="com.automationtesting.testngconcpt.ExcelReaderData" time="3.004" errors="0" timestamp="2022-10-28T11:08:05 IST" skipped="0">
  <testcase classname="com.automationtesting.testngconcpt.ExcelReaderData" name="ReadexcelData" time="2.755"/>
  <system-out/>
  <testcase classname="com.automationtesting.testngconcpt.ExcelReaderData" name="countofRowsCells" time="0.249"/>
  <system-out/>
</testsuite> <!-- com.automationtesting.testngconcpt.ExcelReaderData -->
