<?xml version="1.0" encoding="UTF-8"?>
<!-- Generated by org.testng.reporters.JUnitReportReporter -->
<testsuite hostname="DESKTOP-4V5TV33" failures="0" tests="6" name="com.automationtesting.testngconcpt.TestngConcept" time="0.103" errors="0" timestamp="2022-10-23T18:22:27 IST" skipped="0">
  <testcase classname="com.automationtesting.testngconcpt.TestngConcept" name="Launchurl" time="0.005"/>
  <system-out/>
  <testcase classname="com.automationtesting.testngconcpt.TestngConcept" name="Logout" time="0.007"/>
  <system-out/>
  <testcase classname="com.automationtesting.testngconcpt.TestngConcept" name="Launchbrowser" time="0.068"/>
  <system-out/>
  <testcase classname="com.automationtesting.testngconcpt.TestngConcept" name="teardown" time="0.008"/>
  <system-out/>
  <testcase classname="com.automationtesting.testngconcpt.TestngConcept" name="Login" time="0.008"/>
  <system-out/>
  <testcase classname="com.automationtesting.testngconcpt.TestngConcept" name="Sendmail" time="0.007"/>
  <system-out/>
</testsuite> <!-- com.automationtesting.testngconcpt.TestngConcept -->
