<?xml version="1.0" encoding="UTF-8"?>
<!-- Generated by org.testng.reporters.JUnitReportReporter -->
<testsuite hostname="DESKTOP-4V5TV33" failures="0" tests="2" name="com.automationtesting.testngconcpt.OrangeHrmLogin" time="9.549" errors="0" timestamp="2022-10-29T08:43:40 IST" skipped="0">
  <testcase classname="com.automationtesting.testngconcpt.OrangeHrmLogin" name="logout" time="1.316"/>
  <system-out/>
  <testcase classname="com.automationtesting.testngconcpt.OrangeHrmLogin" name="login" time="8.233"/>
  <system-out/>
</testsuite> <!-- com.automationtesting.testngconcpt.OrangeHrmLogin -->
