<?xml version="1.0" encoding="UTF-8"?>
<!-- Generated by org.testng.reporters.JUnitReportReporter -->
<testsuite hostname="DESKTOP-4V5TV33" failures="0" tests="2" name="com.automationtesting.testngconcpt.TestngAnnotation" time="0.050" errors="0" timestamp="2022-10-25T14:40:16 IST" skipped="0">
  <testcase classname="com.automationtesting.testngconcpt.TestngAnnotation" name="deleteemploy" time="0.012"/>
  <system-out/>
  <testcase classname="com.automationtesting.testngconcpt.TestngAnnotation" name="addemploy" time="0.038"/>
  <system-out/>
</testsuite> <!-- com.automationtesting.testngconcpt.TestngAnnotation -->
