<?xml version="1.0" encoding="UTF-8"?>
<!-- Generated by org.testng.reporters.JUnitReportReporter -->
<testsuite hostname="DESKTOP-4V5TV33" failures="0" tests="6" name="com.automationtesting.testngconcpt.TestngConcept" time="0.117" errors="0" timestamp="2022-10-23T11:59:50 IST" skipped="0">
  <testcase classname="com.automationtesting.testngconcpt.TestngConcept" name="Login" time="0.006"/>
  <system-out/>
  <testcase classname="com.automationtesting.testngconcpt.TestngConcept" name="Launchurl" time="0.009"/>
  <system-out/>
  <testcase classname="com.automationtesting.testngconcpt.TestngConcept" name="Sendmail" time="0.006"/>
  <system-out/>
  <testcase classname="com.automationtesting.testngconcpt.TestngConcept" name="Launchbrowser" time="0.073"/>
  <system-out/>
  <testcase classname="com.automationtesting.testngconcpt.TestngConcept" name="Logout" time="0.015"/>
  <system-out/>
  <testcase classname="com.automationtesting.testngconcpt.TestngConcept" name="teardown" time="0.008"/>
  <system-out/>
</testsuite> <!-- com.automationtesting.testngconcpt.TestngConcept -->
