<?xml version="1.0" encoding="UTF-8"?>
<!-- Generated by org.testng.reporters.JUnitReportReporter -->
<testsuite hostname="DESKTOP-4V5TV33" failures="0" tests="1" name="com.automationtesting.inheritance.TestScript$NinjaTest" time="46.339" errors="0" timestamp="2022-11-01T12:41:44 IST" skipped="0">
  <testcase classname="com.automationtesting.inheritance.TestScript$NinjaTest" name="NinjaLogin" time="46.339"/>
  <system-out/>
</testsuite> <!-- com.automationtesting.inheritance.TestScript$NinjaTest -->
